<?xml version="1.0" encoding="UTF-8"?>
<!-- Generated by org.testng.reporters.JUnitXMLReporter -->
<testsuite ignored="0" hostname="KEZIYA-T91" failures="0" tests="4" name="Test Scenarios" time="43.249" errors="0" timestamp="2022-03-23T03:43:04 IST">
  <testcase classname="Objectrep.scenario1AddCandidate" name="addCandidate" time="3.71"/>
  <testcase classname="Objectrep.scenario1AddCandidate" name="logout" time="0.396"/>
  <testcase classname="Objectrep.scenario2VerifyCandidate" name="beforeTest" time="16.219"/>
  <testcase classname="Objectrep.scenario2VerifyCandidate" name="verifyCandidate" time="2.517"/>
</testsuite> <!-- Test Scenarios -->
