<?xml version="1.0" encoding="UTF-8"?>
<testsuite xmlns:xsi="http://www.w3.org/2001/XMLSchema-instance" xsi:noNamespaceSchemaLocation="https://maven.apache.org/surefire/maven-surefire-plugin/xsd/surefire-test-report.xsd" name="TestSuite" time="43.86" tests="4" errors="0" skipped="0" failures="0">
  <properties>
[...]
</properties>
  <testcase name="addCandidate" classname="Objectrep.scenario1AddCandidate" time="3.816"/>
  <testcase name="logout" classname="Objectrep.scenario1AddCandidate" time="0.677"/>
  <testcase name="beforeTest" classname="Objectrep.scenario2VerifyCandidate" time="16.123"/>
  <testcase name="verifyCandidate" classname="Objectrep.scenario2VerifyCandidate" time="2.52"/>
</testsuite>