<?xml version="1.0" encoding="UTF-8"?>
<testng-results ignored="0" total="4" passed="4" failed="0" skipped="0">
  <reporter-output>
  </reporter-output>
  <suite started-at="2022-03-23T03:42:21 IST" name="Practice Suite" finished-at="2022-03-23T03:43:04 IST" duration-ms="43249">
    <groups>
    </groups>
    <test started-at="2022-03-23T03:42:21 IST" name="Test Scenarios" finished-at="2022-03-23T03:43:04 IST" duration-ms="43249">
      <class name="Objectrep.scenario1AddCandidate">
        <test-method is-config="true" signature="beforeTest(java.lang.String,java.lang.String)[pri:0, instance:Objectrep.scenario1AddCandidate@44d52de2]" started-at="2022-03-23T03:42:21 IST" name="beforeTest" finished-at="2022-03-23T03:42:40 IST" duration-ms="19720" status="PASS">
          <params>
            <param index="0">
              <value>
                <![CDATA[admin]]>
              </value>
            </param>
            <param index="1">
              <value>
                <![CDATA[admin123]]>
              </value>
            </param>
          </params>
          <reporter-output>
          </reporter-output>
        </test-method> <!-- beforeTest -->
        <test-method signature="addCandidate(java.lang.String,java.lang.String,java.lang.String,java.lang.String,java.lang.String)[pri:1, instance:Objectrep.scenario1AddCandidate@44d52de2]" started-at="2022-03-23T03:42:41 IST" name="addCandidate" description="This test is to add a new candidate" finished-at="2022-03-23T03:42:44 IST" duration-ms="3710" status="PASS">
          <params>
            <param index="0">
              <value>
                <![CDATA[Amitabh]]>
              </value>
            </param>
            <param index="1">
              <value>
                <![CDATA[Matt]]>
              </value>
            </param>
            <param index="2">
              <value>
                <![CDATA[Drekm@gmail.com]]>
              </value>
            </param>
            <param index="3">
              <value>
                <![CDATA[5623452898]]>
              </value>
            </param>
            <param index="4">
              <value>
                <![CDATA[D:\\DeravResume.txt]]>
              </value>
            </param>
          </params>
          <reporter-output>
          </reporter-output>
        </test-method> <!-- addCandidate -->
        <test-method signature="logout()[pri:2, instance:Objectrep.scenario1AddCandidate@44d52de2]" started-at="2022-03-23T03:42:44 IST" name="logout" finished-at="2022-03-23T03:42:45 IST" duration-ms="396" status="PASS">
          <reporter-output>
          </reporter-output>
        </test-method> <!-- logout -->
      </class> <!-- Objectrep.scenario1AddCandidate -->
      <class name="Objectrep.scenario2VerifyCandidate">
        <test-method signature="beforeTest(java.lang.String,java.lang.String)[pri:3, instance:Objectrep.scenario2VerifyCandidate@3688eb5b]" started-at="2022-03-23T03:42:45 IST" name="beforeTest" finished-at="2022-03-23T03:43:01 IST" duration-ms="16219" status="PASS">
          <params>
            <param index="0">
              <value>
                <![CDATA[admin]]>
              </value>
            </param>
            <param index="1">
              <value>
                <![CDATA[admin123]]>
              </value>
            </param>
          </params>
          <reporter-output>
          </reporter-output>
        </test-method> <!-- beforeTest -->
        <test-method signature="verifyCandidate(java.lang.String,java.lang.String)[pri:4, instance:Objectrep.scenario2VerifyCandidate@3688eb5b]" started-at="2022-03-23T03:43:01 IST" name="verifyCandidate" description="This test is to verify added candidate" finished-at="2022-03-23T03:43:04 IST" duration-ms="2517" status="PASS">
          <params>
            <param index="0">
              <value>
                <![CDATA[Amitabh]]>
              </value>
            </param>
            <param index="1">
              <value>
                <![CDATA[Matt]]>
              </value>
            </param>
          </params>
          <reporter-output>
          </reporter-output>
        </test-method> <!-- verifyCandidate -->
        <test-method is-config="true" signature="logout()[pri:0, instance:Objectrep.scenario2VerifyCandidate@3688eb5b]" started-at="2022-03-23T03:43:04 IST" name="logout" finished-at="2022-03-23T03:43:04 IST" duration-ms="343" status="PASS">
          <reporter-output>
          </reporter-output>
        </test-method> <!-- logout -->
      </class> <!-- Objectrep.scenario2VerifyCandidate -->
    </test> <!-- Test Scenarios -->
  </suite> <!-- Practice Suite -->
</testng-results>
